src/app/home/HomePageClient.tsx(174,25): error TS2322: Type '{ track: Track; }' is not assignable to type 'IntrinsicAttributes'.
  Property 'track' does not exist on type 'IntrinsicAttributes'.
src/app/home/HomePageClient.tsx(176,26): error TS2322: Type '{ track: Track; }' is not assignable to type 'IntrinsicAttributes'.
  Property 'track' does not exist on type 'IntrinsicAttributes'.
src/app/home/HomePageClient.tsx(178,21): error TS2322: Type '{ track: Track; }' is not assignable to type 'IntrinsicAttributes'.
  Property 'track' does not exist on type 'IntrinsicAttributes'.
src/app/page.tsx(20,7): error TS2322: Type '{ initialOperationalListings: ListingTeaserV17[]; initialDigitalListings: ListingTeaserV17[]; }' is not assignable to type 'IntrinsicAttributes & HomePageClientProps'.
  Property 'initialOperationalListings' does not exist on type 'IntrinsicAttributes & HomePageClientProps'.
src/components/home/FeaturedDigitalAcquisitions.tsx(205,33): error TS2551: Property 'listing_price' does not exist on type 'ListingTeaserV17'. Did you mean 'listing_type'?
src/components/home/FeaturedDigitalAcquisitions.tsx(242,33): error TS2339: Property 'description' does not exist on type 'ListingTeaserV17'.
src/components/home/FeaturedOperationalAcquisitions.tsx(201,33): error TS2551: Property 'listing_price' does not exist on type 'ListingTeaserV17'. Did you mean 'listing_type'?
src/components/home/FeaturedOperationalAcquisitions.tsx(230,33): error TS2339: Property 'description' does not exist on type 'ListingTeaserV17'.
src/components/valuation/ValuationForm.tsx(4,15): error TS2305: Module '"@/app/api/valuation/route"' has no exported member 'ValuationRequest'.
src/components/valuation/ValuationForm.tsx(39,20): error TS7006: Parameter 'prev' implicitly has an 'any' type.
src/components/valuation/ValuationForm.tsx(44,20): error TS7006: Parameter 'prev' implicitly has an 'any' type.
src/lib/v17/founder/metrics.ts(78,13): error TS2769: No overload matches this call.
  Overload 1 of 2, '(relation: "profiles" | "listings_v15_legacy" | "listings_old" | "listings_digital" | "listings_operational" | "deal_engagement" | "deal_rooms" | "listings" | "categories" | "subcategories" | ... 38 more ... | "valuations"): PostgrestQueryBuilder<...>', gave the following error.
    Argument of type '"listing_leads"' is not assignable to parameter of type '"profiles" | "listings_v15_legacy" | "listings_old" | "listings_digital" | "listings_operational" | "deal_engagement" | "deal_rooms" | "listings" | "categories" | "subcategories" | ... 38 more ... | "valuations"'.
  Overload 2 of 2, '(relation: "v_user_capabilities" | "listings_public_teaser" | "listings_public_teaser_v17" | "listings_v16" | "listings_v17_public"): PostgrestQueryBuilder<{ PostgrestVersion: "13.0.5"; }, { ...; }, { ...; } | ... 3 more ... | { ...; }, "v_user_capabilities" | ... 3 more ... | "listings_v17_public", []>', gave the following error.
    Argument of type '"listing_leads"' is not assignable to parameter of type '"v_user_capabilities" | "listings_public_teaser" | "listings_public_teaser_v17" | "listings_v16" | "listings_v17_public"'.
src/lib/v17/founder/metrics.ts(117,13): error TS2769: No overload matches this call.
  Overload 1 of 2, '(relation: "profiles" | "listings_v15_legacy" | "listings_old" | "listings_digital" | "listings_operational" | "deal_engagement" | "deal_rooms" | "listings" | "categories" | "subcategories" | ... 38 more ... | "valuations"): PostgrestQueryBuilder<...>', gave the following error.
    Argument of type '"deal_room_activity"' is not assignable to parameter of type '"profiles" | "listings_v15_legacy" | "listings_old" | "listings_digital" | "listings_operational" | "deal_engagement" | "deal_rooms" | "listings" | "categories" | "subcategories" | ... 38 more ... | "valuations"'.
  Overload 2 of 2, '(relation: "v_user_capabilities" | "listings_public_teaser" | "listings_public_teaser_v17" | "listings_v16" | "listings_v17_public"): PostgrestQueryBuilder<{ PostgrestVersion: "13.0.5"; }, { ...; }, { ...; } | ... 3 more ... | { ...; }, "v_user_capabilities" | ... 3 more ... | "listings_v17_public", []>', gave the following error.
    Argument of type '"deal_room_activity"' is not assignable to parameter of type '"v_user_capabilities" | "listings_public_teaser" | "listings_public_teaser_v17" | "listings_v16" | "listings_v17_public"'.
src/lib/v17/founder/metrics.ts(133,13): error TS2769: No overload matches this call.
  Overload 1 of 2, '(relation: "profiles" | "listings_v15_legacy" | "listings_old" | "listings_digital" | "listings_operational" | "deal_engagement" | "deal_rooms" | "listings" | "categories" | "subcategories" | ... 38 more ... | "valuations"): PostgrestQueryBuilder<...>', gave the following error.
    Argument of type '"listing_upgrades"' is not assignable to parameter of type '"profiles" | "listings_v15_legacy" | "listings_old" | "listings_digital" | "listings_operational" | "deal_engagement" | "deal_rooms" | "listings" | "categories" | "subcategories" | ... 38 more ... | "valuations"'.
  Overload 2 of 2, '(relation: "v_user_capabilities" | "listings_public_teaser" | "listings_public_teaser_v17" | "listings_v16" | "listings_v17_public"): PostgrestQueryBuilder<{ PostgrestVersion: "13.0.5"; }, { ...; }, { ...; } | ... 3 more ... | { ...; }, "v_user_capabilities" | ... 3 more ... | "listings_v17_public", []>', gave the following error.
    Argument of type '"listing_upgrades"' is not assignable to parameter of type '"v_user_capabilities" | "listings_public_teaser" | "listings_public_teaser_v17" | "listings_v16" | "listings_v17_public"'.
src/lib/v17/founder/metrics.ts(147,13): error TS2769: No overload matches this call.
  Overload 1 of 2, '(relation: "profiles" | "listings_v15_legacy" | "listings_old" | "listings_digital" | "listings_operational" | "deal_engagement" | "deal_rooms" | "listings" | "categories" | "subcategories" | ... 38 more ... | "valuations"): PostgrestQueryBuilder<...>', gave the following error.
    Argument of type '"risk_flags"' is not assignable to parameter of type '"profiles" | "listings_v15_legacy" | "listings_old" | "listings_digital" | "listings_operational" | "deal_engagement" | "deal_rooms" | "listings" | "categories" | "subcategories" | ... 38 more ... | "valuations"'.
  Overload 2 of 2, '(relation: "v_user_capabilities" | "listings_public_teaser" | "listings_public_teaser_v17" | "listings_v16" | "listings_v17_public"): PostgrestQueryBuilder<{ PostgrestVersion: "13.0.5"; }, { ...; }, { ...; } | ... 3 more ... | { ...; }, "v_user_capabilities" | ... 3 more ... | "listings_v17_public", []>', gave the following error.
    Argument of type '"risk_flags"' is not assignable to parameter of type '"v_user_capabilities" | "listings_public_teaser" | "listings_public_teaser_v17" | "listings_v16" | "listings_v17_public"'.
src/lib/v17/search/queryBuilder.ts(28,11): error TS2339: Property 'or' does not exist on type '<Query extends string = "*", ResultOne = ParseQuery<Query> extends infer ParsedQuery ? ParsedQuery extends Node[] ? ProcessNodesWithoutSchema<ParsedQuery, {}> : ParsedQuery : any>(columns?: Query | undefined, options?: { ...; } | undefined) => PostgrestFilterBuilder<...>'.
src/lib/v17/search/queryBuilder.ts(30,11): error TS2339: Property 'eq' does not exist on type '<Query extends string = "*", ResultOne = ParseQuery<Query> extends infer ParsedQuery ? ParsedQuery extends Node[] ? ProcessNodesWithoutSchema<ParsedQuery, {}> : ParsedQuery : any>(columns?: Query | undefined, options?: { ...; } | undefined) => PostgrestFilterBuilder<...>'.
src/lib/v17/search/queryBuilder.ts(38,11): error TS2339: Property 'gte' does not exist on type '<Query extends string = "*", ResultOne = ParseQuery<Query> extends infer ParsedQuery ? ParsedQuery extends Node[] ? ProcessNodesWithoutSchema<ParsedQuery, {}> : ParsedQuery : any>(columns?: Query | undefined, options?: { ...; } | undefined) => PostgrestFilterBuilder<...>'.
src/lib/v17/search/queryBuilder.ts(41,11): error TS2339: Property 'lte' does not exist on type '<Query extends string = "*", ResultOne = ParseQuery<Query> extends infer ParsedQuery ? ParsedQuery extends Node[] ? ProcessNodesWithoutSchema<ParsedQuery, {}> : ParsedQuery : any>(columns?: Query | undefined, options?: { ...; } | undefined) => PostgrestFilterBuilder<...>'.
src/lib/v17/search/queryBuilder.ts(46,11): error TS2339: Property 'gte' does not exist on type '<Query extends string = "*", ResultOne = ParseQuery<Query> extends infer ParsedQuery ? ParsedQuery extends Node[] ? ProcessNodesWithoutSchema<ParsedQuery, {}> : ParsedQuery : any>(columns?: Query | undefined, options?: { ...; } | undefined) => PostgrestFilterBuilder<...>'.
src/lib/v17/search/queryBuilder.ts(49,11): error TS2339: Property 'lte' does not exist on type '<Query extends string = "*", ResultOne = ParseQuery<Query> extends infer ParsedQuery ? ParsedQuery extends Node[] ? ProcessNodesWithoutSchema<ParsedQuery, {}> : ParsedQuery : any>(columns?: Query | undefined, options?: { ...; } | undefined) => PostgrestFilterBuilder<...>'.
src/lib/v17/search/queryBuilder.ts(54,11): error TS2339: Property 'eq' does not exist on type '<Query extends string = "*", ResultOne = ParseQuery<Query> extends infer ParsedQuery ? ParsedQuery extends Node[] ? ProcessNodesWithoutSchema<ParsedQuery, {}> : ParsedQuery : any>(columns?: Query | undefined, options?: { ...; } | undefined) => PostgrestFilterBuilder<...>'.
src/lib/v17/search/queryBuilder.ts(57,11): error TS2339: Property 'eq' does not exist on type '<Query extends string = "*", ResultOne = ParseQuery<Query> extends infer ParsedQuery ? ParsedQuery extends Node[] ? ProcessNodesWithoutSchema<ParsedQuery, {}> : ParsedQuery : any>(columns?: Query | undefined, options?: { ...; } | undefined) => PostgrestFilterBuilder<...>'.
src/lib/v17/search/queryBuilder.ts(60,11): error TS2339: Property 'eq' does not exist on type '<Query extends string = "*", ResultOne = ParseQuery<Query> extends infer ParsedQuery ? ParsedQuery extends Node[] ? ProcessNodesWithoutSchema<ParsedQuery, {}> : ParsedQuery : any>(columns?: Query | undefined, options?: { ...; } | undefined) => PostgrestFilterBuilder<...>'.
src/lib/v17/search/queryBuilder.ts(105,11): error TS2339: Property 'order' does not exist on type '<Query extends string = "*", ResultOne = ParseQuery<Query> extends infer ParsedQuery ? ParsedQuery extends Node[] ? ProcessNodesWithoutSchema<ParsedQuery, {}> : ParsedQuery : any>(columns?: Query | undefined, options?: { ...; } | undefined) => PostgrestFilterBuilder<...>'.
src/lib/v17/search/queryBuilder.ts(107,11): error TS2339: Property 'order' does not exist on type '<Query extends string = "*", ResultOne = ParseQuery<Query> extends infer ParsedQuery ? ParsedQuery extends Node[] ? ProcessNodesWithoutSchema<ParsedQuery, {}> : ParsedQuery : any>(columns?: Query | undefined, options?: { ...; } | undefined) => PostgrestFilterBuilder<...>'.
src/lib/v17/search/queryBuilder.ts(109,11): error TS2339: Property 'order' does not exist on type '<Query extends string = "*", ResultOne = ParseQuery<Query> extends infer ParsedQuery ? ParsedQuery extends Node[] ? ProcessNodesWithoutSchema<ParsedQuery, {}> : ParsedQuery : any>(columns?: Query | undefined, options?: { ...; } | undefined) => PostgrestFilterBuilder<...>'.
src/lib/v17/search/queryBuilder.ts(111,11): error TS2339: Property 'order' does not exist on type '<Query extends string = "*", ResultOne = ParseQuery<Query> extends infer ParsedQuery ? ParsedQuery extends Node[] ? ProcessNodesWithoutSchema<ParsedQuery, {}> : ParsedQuery : any>(columns?: Query | undefined, options?: { ...; } | undefined) => PostgrestFilterBuilder<...>'.
src/lib/v17/search/queryBuilder.ts(113,11): error TS2339: Property 'order' does not exist on type '<Query extends string = "*", ResultOne = ParseQuery<Query> extends infer ParsedQuery ? ParsedQuery extends Node[] ? ProcessNodesWithoutSchema<ParsedQuery, {}> : ParsedQuery : any>(columns?: Query | undefined, options?: { ...; } | undefined) => PostgrestFilterBuilder<...>'.
src/lib/v17/search/queryBuilder.ts(115,11): error TS2339: Property 'order' does not exist on type '<Query extends string = "*", ResultOne = ParseQuery<Query> extends infer ParsedQuery ? ParsedQuery extends Node[] ? ProcessNodesWithoutSchema<ParsedQuery, {}> : ParsedQuery : any>(columns?: Query | undefined, options?: { ...; } | undefined) => PostgrestFilterBuilder<...>'.
src/lib/v17/search/queryBuilder.ts(135,9): error TS2339: Property 'range' does not exist on type '<Query extends string = "*", ResultOne = ParseQuery<Query> extends infer ParsedQuery ? ParsedQuery extends Node[] ? ProcessNodesWithoutSchema<ParsedQuery, {}> : ParsedQuery : any>(columns?: Query | undefined, options?: { ...; } | undefined) => PostgrestFilterBuilder<...>'.
src/lib/validation/api.schemas.ts(56,17): error TS2554: Expected 2-3 arguments, but got 1.
